üîù Retour au [Sommaire](/SOMMAIRE.md)

# 13.8. Nouveaut√© PG 18 : Am√©liorations d'EXPLAIN avec Affichage Automatique des Buffers

## Introduction

PostgreSQL 18 (septembre 2025) apporte des **am√©liorations significatives** √† la commande `EXPLAIN`, l'outil le plus utilis√© pour analyser et optimiser les requ√™tes. La principale nouveaut√© est l'**affichage automatique des statistiques de buffers** avec `EXPLAIN ANALYZE`, sans avoir √† les demander explicitement.

**Impact** : Workflow d'analyse simplifi√©, moins d'erreurs humaines, meilleure observabilit√© par d√©faut.

**Pr√©requis** : Avoir lu la section 13.7 sur EXPLAIN (ANALYZE, BUFFERS, VERBOSE, FORMAT JSON).

---

## 1. Le Probl√®me Avant PostgreSQL 18

### 1.1. Buffers Optionnels et Souvent Oubli√©s

Dans PostgreSQL ‚â§ 17, pour obtenir les statistiques de buffers (lectures cache/disque), il fallait **explicitement** ajouter l'option `BUFFERS` :

```sql
-- ‚ùå Sans BUFFERS (PostgreSQL ‚â§ 17)
EXPLAIN ANALYZE SELECT * FROM clients WHERE ville = 'Paris';
```

**R√©sultat** :
```
Seq Scan on clients  (cost=0.00..2123.00 rows=35000 width=50)
                     (actual time=0.045..23.456 rows=34987 loops=1)
  Filter: ((ville)::text = 'Paris'::text)
  Rows Removed by Filter: 65013
Planning Time: 0.234 ms
Execution Time: 25.891 ms
```

**Probl√®me** : **Aucune information sur les I/O** !
- Combien de blocs lus depuis le cache ?
- Combien depuis le disque ?
- Y a-t-il des fichiers temporaires ?

**Solution dans PG ‚â§ 17** : Ajouter `BUFFERS`

```sql
-- ‚úÖ Avec BUFFERS (PostgreSQL ‚â§ 17)
EXPLAIN (ANALYZE, BUFFERS) SELECT * FROM clients WHERE ville = 'Paris';
```

**R√©sultat** :
```
Seq Scan on clients  (cost=0.00..2123.00 rows=35000 width=50)
                     (actual time=0.045..23.456 rows=34987 loops=1)
  Filter: ((ville)::text = 'Paris'::text)
  Rows Removed by Filter: 65013
  Buffers: shared hit=1234 read=150
Planning Time: 0.234 ms
Execution Time: 25.891 ms
```

### 1.2. Cons√©quences de l'Oubli

**Probl√®me 1** : Diagnostic incomplet

Sans les statistiques de buffers, il est **impossible** de savoir si une requ√™te lente est due √† :
- Des lectures disque massives (I/O)
- Un probl√®me de CPU/algorithme
- Un cache insuffisant

**Exemple** : Deux requ√™tes avec le m√™me temps d'ex√©cution (500 ms)

**Requ√™te A** :
```
Execution Time: 500 ms
Buffers: shared hit=50000   ‚Üê Tout en cache
```
‚Üí Probl√®me : Algorithme inefficace ou trop de donn√©es trait√©es

**Requ√™te B** :
```
Execution Time: 500 ms
Buffers: shared hit=100 read=49900   ‚Üê Presque tout depuis le disque
```
‚Üí Probl√®me : I/O disque, index manquant, cache trop petit

**Sans `BUFFERS`, impossible de distinguer !**

**Probl√®me 2** : Erreur humaine fr√©quente

Les DBA et d√©veloppeurs oublient souvent d'ajouter `BUFFERS`, surtout dans :
- Les scripts automatis√©s
- Les logs avec `auto_explain`
- Les analyses rapides ad-hoc

**Probl√®me 3** : Incoh√©rence des commandes

```sql
-- Diff√©rentes syntaxes √† retenir
EXPLAIN ANALYZE SELECT ...;
EXPLAIN (ANALYZE) SELECT ...;
EXPLAIN (ANALYZE, BUFFERS) SELECT ...;
EXPLAIN (ANALYZE, BUFFERS, VERBOSE) SELECT ...;
```

‚Üí Complexit√© cognitive inutile.

---

## 2. La Solution PostgreSQL 18 : Buffers par D√©faut

### 2.1. Nouveau Comportement

Dans PostgreSQL 18, `EXPLAIN ANALYZE` inclut **automatiquement** les statistiques de buffers :

```sql
-- PostgreSQL 18 : BUFFERS automatique !
EXPLAIN ANALYZE SELECT * FROM clients WHERE ville = 'Paris';
```

**R√©sultat** :
```
Seq Scan on clients  (cost=0.00..2123.00 rows=35000 width=50)
                     (actual time=0.045..23.456 rows=34987 loops=1)
  Filter: ((ville)::text = 'Paris'::text)
  Rows Removed by Filter: 65013
  Buffers: shared hit=1234 read=150
Planning:
  Buffers: shared hit=12
Planning Time: 0.234 ms
Execution Time: 25.891 ms
```

**Changement** : Ligne `Buffers: shared hit=1234 read=150` pr√©sente sans option suppl√©mentaire !

### 2.2. Avantages Imm√©diats

‚úÖ **Simplicit√©** : Une seule commande √† retenir
```sql
EXPLAIN ANALYZE SELECT ...;  -- Tout est inclus
```

‚úÖ **Diagnostic complet par d√©faut** : Toujours les informations I/O

‚úÖ **Moins d'erreurs humaines** : Plus d'oubli de `BUFFERS`

‚úÖ **Meilleure observabilit√©** : Les outils automatiques (auto_explain, monitoring) b√©n√©ficient automatiquement des statistiques I/O

‚úÖ **Coh√©rence** : Tous les d√©veloppeurs voient les m√™mes informations

### 2.3. R√©trocompatibilit√©

Les anciennes syntaxes fonctionnent toujours :

```sql
-- Toutes ces commandes fonctionnent dans PG 18
EXPLAIN ANALYZE SELECT ...;                    -- ‚úÖ BUFFERS inclus par d√©faut
EXPLAIN (ANALYZE) SELECT ...;                  -- ‚úÖ BUFFERS inclus par d√©faut
EXPLAIN (ANALYZE, BUFFERS) SELECT ...;         -- ‚úÖ Explicite (identique)
EXPLAIN (ANALYZE, BUFFERS, VERBOSE) SELECT ...; -- ‚úÖ Avec d√©tails suppl√©mentaires
```

---

## 3. Contr√¥le et Configuration

### 3.1. D√©sactiver les Buffers (si Besoin)

Si pour une raison sp√©cifique vous ne voulez **pas** voir les statistiques de buffers :

```sql
-- D√©sactiver explicitement
EXPLAIN (ANALYZE, BUFFERS OFF) SELECT * FROM clients WHERE ville = 'Paris';
```

**R√©sultat** :
```
Seq Scan on clients  (cost=0.00..2123.00 rows=35000 width=50)
                     (actual time=0.045..23.456 rows=34987 loops=1)
  Filter: ((ville)::text = 'Paris'::text)
  Rows Removed by Filter: 65013
Planning Time: 0.234 ms
Execution Time: 25.891 ms
```

**Cas d'usage pour `BUFFERS OFF`** :
- Comparaison avec des plans PostgreSQL ‚â§ 17 (sans buffers)
- Output minimaliste pour pr√©sentation
- Scripts legacy qui parsent le format texte sans buffers

**‚ö†Ô∏è Attention** : Rarement n√©cessaire, l'overhead des buffers est n√©gligeable.

### 3.2. Param√®tre de Configuration (Futur)

**Note** : PostgreSQL 18 n'introduit pas de param√®tre `explain_buffers` pour d√©sactiver globalement, mais cela pourrait venir dans une version future si la communaut√© en exprime le besoin.

Pour l'instant, le comportement est :
- `EXPLAIN ANALYZE` ‚Üí Buffers **ON** par d√©faut
- `EXPLAIN` (sans ANALYZE) ‚Üí Pas de buffers (pas d'ex√©cution)

---

## 4. Statistiques de Buffers Enrichies

### 4.1. Buffers de Planification

PostgreSQL 18 affiche √©galement les buffers utilis√©s pendant la **phase de planification** :

```sql
EXPLAIN ANALYZE SELECT * FROM clients WHERE ville = 'Paris';
```

**R√©sultat** :
```
Seq Scan on clients  (cost=0.00..2123.00 rows=35000 width=50)
                     (actual time=0.045..23.456 rows=34987 loops=1)
  Filter: ((ville)::text = 'Paris'::text)
  Rows Removed by Filter: 65013
  Buffers: shared hit=1234 read=150
Planning:
  Buffers: shared hit=12
Planning Time: 0.234 ms
Execution Time: 25.891 ms
```

**Nouvelle section** : `Planning: Buffers: shared hit=12`

**Interpr√©tation** :
- Le planificateur a lu 12 blocs (96 KB) depuis le cache
- Lecture des statistiques (pg_stats), m√©tadonn√©es (pg_class, pg_index), etc.
- G√©n√©ralement n√©gligeable, mais peut √™tre significatif pour :
  - Requ√™tes tr√®s rapides (< 1 ms)
  - Prepared Statements (planning amortis√© sur plusieurs ex√©cutions)
  - Sch√©mas complexes avec beaucoup de tables/index

### 4.2. Utilit√© des Buffers de Planification

**Sc√©nario 1** : Prepared Statement vs Ad-hoc

**Requ√™te ad-hoc** :
```sql
EXPLAIN ANALYZE SELECT * FROM clients WHERE id = 12345;
```

**R√©sultat** :
```
Index Scan using idx_clients_id on clients
  (actual time=0.023..0.045 rows=1 loops=1)
  Buffers: shared hit=5
Planning:
  Buffers: shared hit=12   ‚Üê Co√ªt de planification
Planning Time: 0.234 ms
Execution Time: 0.056 ms
```

**Total** : 0.234 + 0.056 = **0.29 ms**

**Avec Prepared Statement** :
```sql
PREPARE stmt AS SELECT * FROM clients WHERE id = $1;
EXPLAIN ANALYZE EXECUTE stmt(12345);
```

**R√©sultat** :
```
Index Scan using idx_clients_id on clients
  (actual time=0.023..0.045 rows=1 loops=1)
  Buffers: shared hit=5
Planning Time: 0.001 ms   ‚Üê Plan en cache !
Execution Time: 0.056 ms
```

**Total** : 0.001 + 0.056 = **0.057 ms**

‚Üí **Gain de 5√ó** gr√¢ce au plan en cache !

**Sc√©nario 2** : Requ√™te sur Table avec Beaucoup d'Index

```sql
-- Table avec 20 index
EXPLAIN ANALYZE SELECT * FROM huge_table WHERE col1 = 'value';
```

**R√©sultat** :
```
Planning:
  Buffers: shared hit=250   ‚Üê Beaucoup de buffers pour analyser 20 index !
Planning Time: 5.234 ms
```

**Probl√®me** : Planification co√ªteuse (5 ms) √† cause de nombreux index.

**Solution** : Supprimer les index inutilis√©s.

---

## 5. Comparaison Avant/Apr√®s PostgreSQL 18

### 5.1. Workflow d'Analyse Simplifi√©

#### Avant PostgreSQL 18

**√âtapes** :
1. Ex√©cuter `EXPLAIN ANALYZE SELECT ...;`
2. Constater qu'il manque les buffers üòû
3. Re-ex√©cuter avec `EXPLAIN (ANALYZE, BUFFERS) SELECT ...;`
4. Analyser le r√©sultat

**Temps perdu** : 2√ó ex√©cution de la requ√™te

#### Avec PostgreSQL 18

**√âtapes** :
1. Ex√©cuter `EXPLAIN ANALYZE SELECT ...;`
2. Analyser le r√©sultat complet (avec buffers) ‚úÖ

**Gain** : 1√ó ex√©cution, r√©sultat imm√©diat

### 5.2. Impact sur auto_explain

`auto_explain` est une extension qui log automatiquement les plans des requ√™tes lentes.

#### Configuration PostgreSQL ‚â§ 17

```ini
# postgresql.conf
shared_preload_libraries = 'auto_explain'
auto_explain.log_min_duration = 1000  # Log si > 1s
auto_explain.log_analyze = on
auto_explain.log_buffers = on          # ‚Üê N√©cessaire !
auto_explain.log_timing = on
```

**Probl√®me** : Si vous oubliez `auto_explain.log_buffers = on`, les logs ne contiennent pas les I/O.

#### Configuration PostgreSQL 18

```ini
# postgresql.conf
shared_preload_libraries = 'auto_explain'
auto_explain.log_min_duration = 1000
auto_explain.log_analyze = on
auto_explain.log_timing = on
# auto_explain.log_buffers ‚Üí Inutile, inclus par d√©faut !
```

**Avantage** : Configuration simplifi√©e, moins d'oublis.

### 5.3. Impact sur les Outils de Monitoring

Les outils qui analysent les plans d'ex√©cution (Datadog, New Relic, pganalyze, etc.) b√©n√©ficient automatiquement des statistiques I/O sans configuration suppl√©mentaire.

**Avant PG 18** : N√©cessitait de configurer explicitement `BUFFERS` dans les requ√™tes d'analyse.

**Avec PG 18** : Fonctionnement "out of the box" avec donn√©es I/O compl√®tes.

---

## 6. Autres Am√©liorations d'EXPLAIN dans PostgreSQL 18

### 6.1. Affichage des Statistiques I/O par Backend

PostgreSQL 18 enrichit les vues syst√®me avec des statistiques I/O **par processus backend**.

#### Nouvelle Vue : pg_stat_io

```sql
SELECT * FROM pg_stat_io WHERE backend_type = 'client backend';
```

**Colonnes** :
- `backend_type` : Type de processus (client backend, autovacuum, etc.)
- `object` : Type d'objet (table, index, toast, etc.)
- `context` : Contexte (normal, vacuum, bulkwrite)
- `reads` : Nombre de lectures
- `writes` : Nombre d'√©critures
- `extends` : Nombre d'extensions de fichiers
- `op_bytes` : Octets lus/√©crits
- `evictions` : √âvictions du cache
- `reuses` : R√©utilisations de blocs
- `fsyncs` : Nombre de fsyncs

**Utilit√©** : Corr√©lation entre les plans EXPLAIN et les statistiques syst√®me.

### 6.2. Am√©lioration de l'Affichage des Co√ªts

PostgreSQL 18 am√©liore la pr√©cision de l'affichage des co√ªts dans certains cas complexes :

#### Exemple : Jointures Complexes

**Avant PG 18** :
```
Hash Join  (cost=15000.00..50000.00 rows=100000 width=50)
```

**Avec PG 18** :
```
Hash Join  (cost=15000.00..50000.00 rows=100000 width=50)
  Hash Cond: (o.client_id = c.id)
  Join Filter: (o.amount > c.credit_limit)   ‚Üê Distinction claire
  Rows Removed by Join Filter: 5000
```

**Am√©lioration** : Distinction explicite entre `Hash Cond` (condition de jointure) et `Join Filter` (filtre post-jointure).

### 6.3. Meilleure Lisibilit√© des Index Partiels

**Avant PG 18** :
```
Index Scan using idx_partial on orders
  Index Cond: (status = 'pending')
  Filter: (created_at > '2024-01-01')
```

**Avec PG 18** :
```
Index Scan using idx_partial on orders
  Index Cond: (status = 'pending')
  Index Filter: (created_at > '2024-01-01')   ‚Üê "Index Filter" au lieu de "Filter"
  Index Partial: WHERE status = 'pending'      ‚Üê Condition de l'index partiel affich√©e
```

**Am√©lioration** : Distinction entre filtre appliqu√© dans l'index (`Index Filter`) et condition de l'index partiel (`Index Partial`).

---

## 7. Exemples Pratiques avec PostgreSQL 18

### 7.1. Requ√™te Simple

```sql
-- PostgreSQL 18 : Commande minimale
EXPLAIN ANALYZE SELECT * FROM clients WHERE ville = 'Paris';
```

**R√©sultat** :
```
Seq Scan on clients  (cost=0.00..2123.00 rows=35000 width=50)
                     (actual time=0.045..23.456 rows=34987 loops=1)
  Filter: ((ville)::text = 'Paris'::text)
  Rows Removed by Filter: 65013
  Buffers: shared hit=1234 read=150   ‚Üê Automatique !
Planning:
  Buffers: shared hit=12
Planning Time: 0.234 ms
Execution Time: 25.891 ms
```

**Analyse imm√©diate** :
- Cache Hit Ratio : 1234/(1234+150) = 89.2% ‚Üí Bon
- 150 blocs lus depuis le disque (1.2 MB)
- Planification n√©gligeable (0.234 ms)

### 7.2. Requ√™te avec Jointure

```sql
EXPLAIN ANALYZE
SELECT c.nom, o.montant
FROM clients c
JOIN commandes o ON c.id = o.client_id
WHERE c.ville = 'Paris';
```

**R√©sultat** :
```
Hash Join  (cost=8500.00..20000.00 rows=10000 width=20)
           (actual time=45.123..234.567 rows=9876 loops=1)
  Hash Cond: (o.client_id = c.id)
  Buffers: shared hit=3456 read=234
  ->  Seq Scan on commandes o  (cost=0.00..8000.00 rows=100000 width=12)
                                (actual time=0.012..123.456 rows=100000 loops=1)
        Buffers: shared hit=2345 read=150
  ->  Hash  (cost=3500.00..3500.00 rows=35000 width=12)
            (actual time=23.234..23.234 rows=34987 loops=1)
        Buckets: 65536  Batches: 1  Memory Usage: 2048kB
        Buffers: shared hit=1111 read=84
        ->  Seq Scan on clients c  (cost=0.00..3500.00 rows=35000 width=12)
                                   (actual time=0.023..18.765 rows=34987 loops=1)
              Filter: ((ville)::text = 'Paris'::text)
              Rows Removed by Filter: 65013
              Buffers: shared hit=1111 read=84
Planning:
  Buffers: shared hit=18
Planning Time: 0.567 ms
Execution Time: 235.123 ms
```

**Analyse d√©taill√©e automatique** :

| Op√©ration | Hit | Read | Total | Hit % |
|-----------|-----|------|-------|-------|
| Scan commandes | 2345 | 150 | 2495 | 94.0% |
| Scan clients | 1111 | 84 | 1195 | 93.0% |
| **Total** | **3456** | **234** | **3690** | **93.7%** |

‚Üí Bon cache hit ratio global (93.7%)

### 7.3. Requ√™te avec Fichiers Temporaires

```sql
EXPLAIN ANALYZE
SELECT DISTINCT user_id FROM events ORDER BY user_id;
```

**R√©sultat** :
```
Unique  (cost=500000.00..550000.00 rows=1000000 width=4)
        (actual time=5678.901..8901.234 rows=1000000 loops=1)
  Buffers: shared hit=50000, temp read=50000 temp written=50000   ‚Üê Automatique !
  ->  Sort  (cost=500000.00..525000.00 rows=10000000 width=4)
            (actual time=5678.890..7890.123 rows=10000000 loops=1)
        Sort Key: user_id
        Sort Method: external merge  Disk: 400000kB
        Buffers: shared hit=50000, temp read=50000 temp written=50000
```

**Probl√®me identifi√© imm√©diatement** :
- `temp read=50000` ‚Üí 50,000 blocs (400 MB) de fichiers temporaires !
- Sort d√©borde sur disque (external merge)

**Solution** :
```sql
SET work_mem = '512MB';
```

**Sans les buffers automatiques (PG ‚â§ 17), ce probl√®me serait pass√© inaper√ßu !**

---

## 8. Impact sur les Formations et la Documentation

### 8.1. Simplification des Tutoriels

**Avant PG 18** : Documentation complexe

> "Pour analyser compl√®tement une requ√™te, utilisez `EXPLAIN (ANALYZE, BUFFERS)`. N'oubliez pas le mot-cl√© `BUFFERS`, sinon vous n'aurez pas les statistiques I/O."

**Avec PG 18** : Documentation simple

> "Pour analyser une requ√™te, utilisez `EXPLAIN ANALYZE`."

### 8.2. R√©duction de la Charge Cognitive

Les d√©butants n'ont plus √† se souvenir de :
- Quand utiliser `BUFFERS`
- La syntaxe `(ANALYZE, BUFFERS)`
- La diff√©rence entre `EXPLAIN ANALYZE` et `EXPLAIN (ANALYZE, BUFFERS)`

**R√©sultat** : Courbe d'apprentissage plus douce.

### 8.3. Meilleure Adoption des Bonnes Pratiques

Avec les buffers automatiques, **tous** les d√©veloppeurs voient les I/O par d√©faut, ce qui encourage :
- L'identification pr√©coce des probl√®mes I/O
- L'optimisation proactive des requ√™tes
- La sensibilisation √† la performance

---

## 9. Migration et Compatibilit√©

### 9.1. Impacts sur les Scripts Existants

#### Scripts de Parsing

Si vous avez des scripts qui parsent la sortie d'`EXPLAIN ANALYZE`, ils continuent de fonctionner :

**Script qui parse sans buffers (PG ‚â§ 17)** :
```python
# Ce script cherche "Execution Time"
pattern = r"Execution Time: ([\d.]+) ms"
match = re.search(pattern, explain_output)
```

**Avec PG 18** : Le script fonctionne toujours (ligne `Execution Time` toujours pr√©sente).

**Script qui parse les buffers (PG ‚â§ 17)** :
```python
# Ce script cherche "Buffers: shared hit"
pattern = r"Buffers: shared hit=(\d+)"
match = re.search(pattern, explain_output)
```

**Avec PG 18** : Le script trouve maintenant les buffers m√™me sans `BUFFERS` explicite ! ‚úÖ

#### Scripts qui Utilisent FORMAT JSON

Aucun changement de structure JSON :

```sql
EXPLAIN (ANALYZE, FORMAT JSON) SELECT ...;
```

**R√©sultat PG ‚â§ 17 (sans BUFFERS)** :
```json
{
  "Plan": {
    "Actual Total Time": 23.456,
    // Pas de "Shared Hit Blocks"
  }
}
```

**R√©sultat PG 18 (BUFFERS automatique)** :
```json
{
  "Plan": {
    "Actual Total Time": 23.456,
    "Shared Hit Blocks": 1234,   ‚Üê Nouvelle cl√©
    "Shared Read Blocks": 150
  }
}
```

**Impact** : Scripts doivent g√©rer l'absence/pr√©sence de ces cl√©s (bonne pratique de toute fa√ßon).

### 9.2. R√©trocompatibilit√© des Requ√™tes

Toutes les commandes existantes fonctionnent :

```sql
-- Toutes ces commandes sont valides dans PG 18
EXPLAIN SELECT ...;                              -- Plan seul
EXPLAIN ANALYZE SELECT ...;                      -- Plan + Execution + Buffers
EXPLAIN (ANALYZE) SELECT ...;                    -- Idem
EXPLAIN (ANALYZE, BUFFERS) SELECT ...;           -- Idem (BUFFERS redondant mais valide)
EXPLAIN (ANALYZE, BUFFERS OFF) SELECT ...;       -- Sans buffers
EXPLAIN (ANALYZE, VERBOSE) SELECT ...;           -- + D√©tails colonnes + Buffers
EXPLAIN (ANALYZE, BUFFERS, VERBOSE) SELECT ...;  -- Idem (BUFFERS redondant)
```

### 9.3. Tests de Migration

**Checklist** :
- [ ] Scripts de parsing test√©s avec la nouvelle sortie
- [ ] Outils de monitoring configur√©s (peuvent n√©cessiter mise √† jour)
- [ ] Documentation mise √† jour (retirer mentions de `BUFFERS` obligatoire)
- [ ] Formation des √©quipes (nouvelle commande simplifi√©e)

---

## 10. Bonnes Pratiques avec PostgreSQL 18

### 10.1. Workflow d'Analyse Recommand√©

**√âtape 1** : Analyse standard
```sql
EXPLAIN ANALYZE SELECT ...;
```
‚Üí Tout ce dont vous avez besoin dans 99% des cas

**√âtape 2** : Si besoin de d√©tails suppl√©mentaires
```sql
EXPLAIN (ANALYZE, VERBOSE) SELECT ...;
```
‚Üí Ajoute les colonnes et expressions

**√âtape 3** : Pour automatisation
```sql
EXPLAIN (ANALYZE, FORMAT JSON) SELECT ...;
```
‚Üí Output structur√© pour parsing

**√âtape 4** : D√©sactivation buffers (rare)
```sql
EXPLAIN (ANALYZE, BUFFERS OFF) SELECT ...;
```
‚Üí Seulement si n√©cessaire pour compatibilit√© legacy

### 10.2. Configuration auto_explain Recommand√©e

```ini
# postgresql.conf (PostgreSQL 18)
shared_preload_libraries = 'auto_explain'
auto_explain.log_min_duration = 1000        # Log si > 1s
auto_explain.log_analyze = on               # Ex√©cuter pour stats r√©elles
auto_explain.log_timing = on                # Timings d√©taill√©s
auto_explain.log_verbose = off              # Off par d√©faut (trop verbeux)
auto_explain.log_format = 'json'            # JSON pour parsing facile
auto_explain.log_nested_statements = on     # Inclure sous-requ√™tes
# Note : auto_explain.log_buffers n'est plus n√©cessaire !
```

### 10.3. Monitoring Proactif

Avec les buffers automatiques, surveillez :

**M√©trique 1** : Cache Hit Ratio Global
```sql
SELECT
    sum(shared_hit) as hit,
    sum(shared_read) as read,
    round(100.0 * sum(shared_hit) / nullif(sum(shared_hit) + sum(shared_read), 0), 2) as hit_ratio
FROM (
    -- Parser les logs EXPLAIN avec buffers
    SELECT ...
) stats;
```

**Seuil** : Hit Ratio < 95% ‚Üí Investiguer

**M√©trique 2** : Fichiers Temporaires
```sql
-- Compter les requ√™tes avec temp files dans les logs
SELECT count(*)
FROM explain_logs
WHERE buffers_output LIKE '%temp read%';
```

**Seuil** : > 10% des requ√™tes ‚Üí Augmenter `work_mem`

---

## 11. FAQ et Cas d'Usage

### 11.1. "Les buffers ralentissent-ils EXPLAIN ANALYZE ?"

**R√©ponse** : Non, l'overhead est **n√©gligeable** (< 0.1% du temps d'ex√©cution).

**Raison** : PostgreSQL collecte d√©j√† ces statistiques en interne pour ses propres besoins. `BUFFERS` ne fait qu'afficher des compteurs existants.

**Test** :
```sql
-- Mesurer avec \timing
\timing on

-- Avec buffers (PG 18 default)
EXPLAIN ANALYZE SELECT ...;
-- Temps : 234.567 ms

-- Sans buffers
EXPLAIN (ANALYZE, BUFFERS OFF) SELECT ...;
-- Temps : 234.523 ms

-- Diff√©rence : 0.044 ms (0.02%)
```

### 11.2. "Puis-je d√©sactiver globalement les buffers ?"

**R√©ponse** : Non, il n'existe pas de param√®tre `explain_buffers = off` dans PostgreSQL 18.

**Raison** : La communaut√© PostgreSQL consid√®re que les buffers sont **essentiels** pour un diagnostic correct, et l'overhead est n√©gligeable.

**Alternative** : Utiliser `BUFFERS OFF` au cas par cas si vraiment n√©cessaire.

### 11.3. "Mes outils de visualisation sont-ils compatibles ?"

**Outils populaires** :

| Outil | Compatible PG 18 | Action requise |
|-------|------------------|----------------|
| **PEV (explain.dalibo.com)** | ‚úÖ Oui | Aucune |
| **pgAdmin** | ‚úÖ Oui | Mise √† jour vers version r√©cente |
| **DataGrip** | ‚úÖ Oui | Mise √† jour vers version r√©cente |
| **DBeaver** | ‚úÖ Oui | Mise √† jour vers version r√©cente |
| **pganalyze** | ‚úÖ Oui | Aucune (supporte d√©j√† buffers) |
| **Scripts maison** | ‚ö†Ô∏è D√©pend | V√©rifier parsing |

**Recommandation** : Tester vos outils avec PostgreSQL 18 beta/RC avant migration production.

---

## 12. Perspectives Futures

### 12.1. √âvolutions Possibles

**PostgreSQL 19+** pourrait apporter :
- Statistiques de buffers encore plus d√©taill√©es (par index, par partition)
- Visualisation graphique native dans psql
- Corr√©lation automatique avec `pg_stat_statements`
- Recommandations automatiques d'optimisation

### 12.2. Impact sur l'√âcosyst√®me

L'affichage automatique des buffers encourage :
- D√©veloppement d'outils d'analyse plus sophistiqu√©s
- Meilleure int√©gration dans les IDEs
- Formation simplifi√©e des d√©veloppeurs
- Culture de performance "by default"

---

## Points Cl√©s √† Retenir

üîë **PostgreSQL 18 : BUFFERS automatique** avec `EXPLAIN ANALYZE` (plus besoin de demander explicitement).

üîë **Diagnostic complet par d√©faut** : Toujours les statistiques I/O, aucune information manquante.

üîë **Workflow simplifi√©** : Une seule commande (`EXPLAIN ANALYZE`) au lieu de deux.

üîë **Buffers de planification** : Nouveaut√© PG 18, affiche les I/O pendant la phase de planning.

üîë **Overhead n√©gligeable** : < 0.1% du temps d'ex√©cution, b√©n√©fice √©norme pour le diagnostic.

üîë **R√©trocompatible** : Toutes les anciennes syntaxes fonctionnent toujours.

üîë **Impact positif sur auto_explain** : Configuration simplifi√©e, logs automatiquement complets.

üîë **D√©sactivation possible** : `BUFFERS OFF` si vraiment n√©cessaire (rare).

üîë **Meilleure adoption** : Les d√©butants voient imm√©diatement les I/O, apprentissage facilit√©.

üîë **Outils compatibles** : PEV, pgAdmin, DBeaver, etc. supportent d√©j√† le nouveau format.

---

## Ressources pour Aller Plus Loin

- **Release Notes PostgreSQL 18** : [EXPLAIN Improvements](https://www.postgresql.org/docs/18/release-18.html)
- **Section pr√©c√©dente** : 13.7. Lecture et analyse d'un EXPLAIN
- **Section suivante** : 13.9. Nouveaut√© PG 18 : Optimisations du planificateur
- **Documentation officielle** : [EXPLAIN Command](https://www.postgresql.org/docs/18/sql-explain.html)

---


‚è≠Ô∏è [Nouveaut√© PG 18 : Optimisations du planificateur](/13-indexation-et-optimisation/09-optimisations-planificateur-pg18.md)
